2014-10-26T19:59:59.490-0400 [initandlisten] MongoDB starting : pid=5896 port=27017 dbpath=./db 64-bit host=Alis-MacBook-Pro.local
2014-10-26T19:59:59.490-0400 [initandlisten] db version v2.6.4
2014-10-26T19:59:59.490-0400 [initandlisten] git version: nogitversion
2014-10-26T19:59:59.490-0400 [initandlisten] build info: Darwin minimavericks.local 13.3.0 Darwin Kernel Version 13.3.0: Tue Jun  3 21:27:35 PDT 2014; root:xnu-2422.110.17~1/RELEASE_X86_64 x86_64 BOOST_LIB_VERSION=1_49
2014-10-26T19:59:59.490-0400 [initandlisten] allocator: tcmalloc
2014-10-26T19:59:59.490-0400 [initandlisten] options: { storage: { dbPath: "./db" } }
2014-10-26T19:59:59.492-0400 [initandlisten] exception in initAndListen: 10296 
*********************************************************************
 ERROR: dbpath (./db) does not exist.
 Create this directory or give existing directory in --dbpath.
 See http://dochub.mongodb.org/core/startingandstoppingmongo
*********************************************************************
, terminating
2014-10-26T19:59:59.492-0400 [initandlisten] dbexit: 
2014-10-26T19:59:59.492-0400 [initandlisten] shutdown: going to close listening sockets...
2014-10-26T19:59:59.492-0400 [initandlisten] shutdown: going to flush diaglog...
2014-10-26T19:59:59.492-0400 [initandlisten] shutdown: going to close sockets...
2014-10-26T19:59:59.492-0400 [initandlisten] shutdown: waiting for fs preallocator...
2014-10-26T19:59:59.493-0400 [initandlisten] shutdown: lock for final commit...
2014-10-26T19:59:59.493-0400 [initandlisten] shutdown: final commit...
2014-10-26T19:59:59.493-0400 [initandlisten] shutdown: closing all files...
2014-10-26T19:59:59.493-0400 [initandlisten] closeAllFiles() finished
2014-10-26T19:59:59.493-0400 [initandlisten] dbexit: really exiting now
